0 info it worked if it ends with ok
1 verbose cli [ '/Users/Viral/.nvm/v0.10.33/bin/node',
1 verbose cli   '/Users/Viral/.nvm/v0.10.33/bin/npm',
1 verbose cli   'install',
1 verbose cli   'factorying' ]
2 info using npm@1.4.28
3 info using node@v0.10.33
4 warn package.json ngbp@0.3.2 No description
5 warn package.json ngbp@0.3.2 No README data
6 verbose readDependencies using package.json deps
7 verbose cache add [ 'factorying', null ]
8 verbose cache add name=undefined spec="factorying" args=["factorying",null]
9 verbose parsed url { protocol: null,
9 verbose parsed url   slashes: null,
9 verbose parsed url   auth: null,
9 verbose parsed url   host: null,
9 verbose parsed url   port: null,
9 verbose parsed url   hostname: null,
9 verbose parsed url   hash: null,
9 verbose parsed url   search: null,
9 verbose parsed url   query: null,
9 verbose parsed url   pathname: 'factorying',
9 verbose parsed url   path: 'factorying',
9 verbose parsed url   href: 'factorying' }
10 silly lockFile c056b2c6-factorying factorying
11 verbose lock factorying /Users/Viral/.npm/c056b2c6-factorying.lock
12 silly lockFile c056b2c6-factorying factorying
13 silly lockFile c056b2c6-factorying factorying
14 verbose addNamed [ 'factorying', '' ]
15 verbose addNamed [ null, '*' ]
16 silly lockFile 0ebf1e2f-factorying factorying@
17 verbose lock factorying@ /Users/Viral/.npm/0ebf1e2f-factorying.lock
18 silly addNameRange { name: 'factorying', range: '*', hasData: false }
19 verbose request where is /factorying
20 verbose request registry https://registry.npmjs.org/
21 verbose request id e1df4fe34d30447e
22 verbose url raw /factorying
23 verbose url resolving [ 'https://registry.npmjs.org/', './factorying' ]
24 verbose url resolved https://registry.npmjs.org/factorying
25 verbose request where is https://registry.npmjs.org/factorying
26 info trying registry request attempt 1 at 19:17:03
27 http GET https://registry.npmjs.org/factorying
28 http 404 https://registry.npmjs.org/factorying
29 verbose headers { date: 'Wed, 03 Dec 2014 18:17:04 GMT',
29 verbose headers   server: 'CouchDB/1.5.0 (Erlang OTP/R16B03)',
29 verbose headers   'content-type': 'application/json',
29 verbose headers   'cache-control': 'max-age=0',
29 verbose headers   'content-length': '52',
29 verbose headers   'accept-ranges': 'bytes',
29 verbose headers   via: '1.1 varnish',
29 verbose headers   age: '0',
29 verbose headers   'x-served-by': 'cache-fra1230-FRA',
29 verbose headers   'x-cache': 'MISS',
29 verbose headers   'x-cache-hits': '0',
29 verbose headers   'x-timer': 'S1417630623.643877,VS0,VE703',
29 verbose headers   'keep-alive': 'timeout=10, max=50',
29 verbose headers   connection: 'Keep-Alive' }
30 silly registry.get cb [ 404,
30 silly registry.get   { date: 'Wed, 03 Dec 2014 18:17:04 GMT',
30 silly registry.get     server: 'CouchDB/1.5.0 (Erlang OTP/R16B03)',
30 silly registry.get     'content-type': 'application/json',
30 silly registry.get     'cache-control': 'max-age=0',
30 silly registry.get     'content-length': '52',
30 silly registry.get     'accept-ranges': 'bytes',
30 silly registry.get     via: '1.1 varnish',
30 silly registry.get     age: '0',
30 silly registry.get     'x-served-by': 'cache-fra1230-FRA',
30 silly registry.get     'x-cache': 'MISS',
30 silly registry.get     'x-cache-hits': '0',
30 silly registry.get     'x-timer': 'S1417630623.643877,VS0,VE703',
30 silly registry.get     'keep-alive': 'timeout=10, max=50',
30 silly registry.get     connection: 'Keep-Alive' } ]
31 silly lockFile 0ebf1e2f-factorying factorying@
32 silly lockFile 0ebf1e2f-factorying factorying@
33 error 404 404 Not Found: factorying
33 error 404
33 error 404 'factorying' is not in the npm registry.
33 error 404 You should bug the author to publish it
33 error 404 It was specified as a dependency of 'ngbp'
33 error 404
33 error 404 Note that you can also install from a
33 error 404 tarball, folder, or http url, or git url.
34 error System Darwin 14.0.0
35 error command "/Users/Viral/.nvm/v0.10.33/bin/node" "/Users/Viral/.nvm/v0.10.33/bin/npm" "install" "factorying"
36 error cwd /Applications/XAMPP/xamppfiles/htdocs/notSite/lorenzo/client
37 error node -v v0.10.33
38 error npm -v 1.4.28
39 error code E404
40 verbose exit [ 1, true ]
